This file contains any messages produced by compilers while
running configure, to aid debugging if configure makes a mistake.

It was created by configure, which was
generated by GNU Autoconf 2.67.  Invocation command line was

  $ ./configure 

## --------- ##
## Platform. ##
## --------- ##

hostname = fry.z-video.tv
uname -m = x86_64
uname -r = 2.6.32-5-amd64
uname -s = Linux
uname -v = #1 SMP Fri May 10 08:43:19 UTC 2013

/usr/bin/uname -p = unknown
/bin/uname -X     = unknown

/bin/arch              = unknown
/usr/bin/arch -k       = unknown
/usr/convex/getsysinfo = unknown
/usr/bin/hostinfo      = unknown
/bin/machine           = unknown
/usr/bin/oslevel       = unknown
/bin/universe          = unknown

PATH: /usr/local/sbin
PATH: /usr/local/bin
PATH: /usr/sbin
PATH: /usr/bin
PATH: /sbin
PATH: /bin
PATH: /usr/X11R6/bin


## ----------- ##
## Core tests. ##
## ----------- ##

configure:2184: checking for grep that handles long lines and -e
configure:2242: result: /bin/grep
configure:2247: checking for egrep
configure:2309: result: /bin/grep -E
configure:2314: checking for a sed that does not truncate output
configure:2378: result: /bin/sed
configure:2512: checking for cc
configure:2528: found /usr/bin/cc
configure:2539: result: cc
configure:2570: checking for C compiler version
configure:2579: cc --version >&5
cc (Debian 4.4.5-8) 4.4.5
Copyright (C) 2010 Free Software Foundation, Inc.
This is free software; see the source for copying conditions.  There is NO
warranty; not even for MERCHANTABILITY or FITNESS FOR A PARTICULAR PURPOSE.

configure:2590: $? = 0
configure:2579: cc -v >&5
Using built-in specs.
Target: x86_64-linux-gnu
Configured with: ../src/configure -v --with-pkgversion='Debian 4.4.5-8' --with-bugurl=file:///usr/share/doc/gcc-4.4/README.Bugs --enable-languages=c,c++,fortran,objc,obj-c++ --prefix=/usr --program-suffix=-4.4 --enable-shared --enable-multiarch --enable-linker-build-id --with-system-zlib --libexecdir=/usr/lib --without-included-gettext --enable-threads=posix --with-gxx-include-dir=/usr/include/c++/4.4 --libdir=/usr/lib --enable-nls --enable-clocale=gnu --enable-libstdcxx-debug --enable-objc-gc --with-arch-32=i586 --with-tune=generic --enable-checking=release --build=x86_64-linux-gnu --host=x86_64-linux-gnu --target=x86_64-linux-gnu
Thread model: posix
gcc version 4.4.5 (Debian 4.4.5-8) 
configure:2590: $? = 0
configure:2579: cc -V >&5
cc: '-V' option must have argument
configure:2590: $? = 1
configure:2579: cc -qversion >&5
cc: unrecognized option '-qversion'
cc: no input files
configure:2590: $? = 1
configure:2610: checking whether the C compiler works
configure:2632: cc    conftest.c  >&5
configure:2636: $? = 0
configure:2684: result: yes
configure:2687: checking for C compiler default output file name
configure:2689: result: a.out
configure:2695: checking for suffix of executables
configure:2702: cc -o conftest    conftest.c  >&5
configure:2706: $? = 0
configure:2728: result: 
configure:2750: checking whether we are cross compiling
configure:2758: cc -o conftest    conftest.c  >&5
configure:2762: $? = 0
configure:2769: ./conftest
configure:2773: $? = 0
configure:2788: result: no
configure:2793: checking for suffix of object files
configure:2815: cc -c   conftest.c >&5
configure:2819: $? = 0
configure:2840: result: o
configure:2844: checking whether we are using the GNU C compiler
configure:2863: cc -c   conftest.c >&5
configure:2863: $? = 0
configure:2872: result: yes
configure:2881: checking whether cc accepts -g
configure:2901: cc -c -g  conftest.c >&5
configure:2901: $? = 0
configure:2942: result: yes
configure:2959: checking for cc option to accept ISO C89
configure:3023: cc  -c -g -O2  conftest.c >&5
configure:3023: $? = 0
configure:3036: result: none needed
configure:3062: checking how to run the C preprocessor
configure:3093: cc -E  conftest.c
configure:3093: $? = 0
configure:3107: cc -E  conftest.c
conftest.c:9:28: error: ac_nonexistent.h: No such file or directory
configure:3107: $? = 1
configure: failed program was:
| /* confdefs.h */
| #define PACKAGE_NAME ""
| #define PACKAGE_TARNAME ""
| #define PACKAGE_VERSION ""
| #define PACKAGE_STRING ""
| #define PACKAGE_BUGREPORT ""
| #define PACKAGE_URL ""
| /* end confdefs.h.  */
| #include <ac_nonexistent.h>
configure:3132: result: cc -E
configure:3152: cc -E  conftest.c
configure:3152: $? = 0
configure:3166: cc -E  conftest.c
conftest.c:9:28: error: ac_nonexistent.h: No such file or directory
configure:3166: $? = 1
configure: failed program was:
| /* confdefs.h */
| #define PACKAGE_NAME ""
| #define PACKAGE_TARNAME ""
| #define PACKAGE_VERSION ""
| #define PACKAGE_STRING ""
| #define PACKAGE_BUGREPORT ""
| #define PACKAGE_URL ""
| /* end confdefs.h.  */
| #include <ac_nonexistent.h>
configure:3197: checking for icc
configure:3206: result: no
configure:3220: checking for suncc
configure:3229: result: no
configure:3247: checking whether cc understands -c and -o together
configure:3275: cc -c conftest.c -o conftest2.o >&5
configure:3279: $? = 0
configure:3285: cc -c conftest.c -o conftest2.o >&5
configure:3289: $? = 0
configure:3344: result: yes
configure:3358: checking for system library directory
configure:3376: result: lib
configure:3383: checking if compiler supports -R
configure:3402: cc -o conftest -g -O2   conftest.c -R /usr/lib  >&5
cc: unrecognized option '-R'
/usr/bin/ld: /usr/lib: No such file: File format not recognized
collect2: ld returned 1 exit status
configure:3402: $? = 1
configure: failed program was:
| /* confdefs.h */
| #define PACKAGE_NAME ""
| #define PACKAGE_TARNAME ""
| #define PACKAGE_VERSION ""
| #define PACKAGE_STRING ""
| #define PACKAGE_BUGREPORT ""
| #define PACKAGE_URL ""
| /* end confdefs.h.  */
| 
| int
| main ()
| {
| 
|   ;
|   return 0;
| }
configure:3412: result: no
configure:3417: checking if compiler supports -Wl,-rpath,
configure:3436: cc -o conftest -g -O2   conftest.c -Wl,-rpath,/usr/lib  >&5
configure:3436: $? = 0
configure:3446: result: yes
configure:3491: checking build system type
configure:3505: result: x86_64-unknown-linux-gnu
configure:3525: checking host system type
configure:3538: result: x86_64-unknown-linux-gnu
configure:3558: checking target system type
configure:3571: result: x86_64-unknown-linux-gnu
configure:3677: checking for PHP prefix
configure:3679: result: /usr
configure:3681: checking for PHP includes
configure:3683: result: -I/usr/include/php5 -I/usr/include/php5/main -I/usr/include/php5/TSRM -I/usr/include/php5/Zend -I/usr/include/php5/ext -I/usr/include/php5/ext/date/lib
configure:3685: checking for PHP extension directory
configure:3687: result: /usr/lib/php5/20090626
configure:3689: checking for PHP installed headers prefix
configure:3691: result: /usr/include/php5
configure:3694: checking if debug is enabled
configure:3720: result: no
configure:3723: checking if zts is enabled
configure:3749: result: no
configure:3823: checking for re2c
configure:3839: found /usr/bin/re2c
configure:3850: result: re2c
configure:3859: checking for re2c version
configure:3873: result: 0.13.5 (ok)
configure:3892: checking for gawk
configure:3923: result: no
configure:3892: checking for nawk
configure:3909: found /usr/bin/nawk
configure:3920: result: nawk
configure:3943: checking if nawk is broken
configure:3950: result: no
configure:3964: checking for fileinfo support
configure:4007: result: yes, shared
configure:4018: checking for magic files in default path
configure:4023: result: found in /usr
configure:4110: checking for dl
configure:4110: cc -o conftest -g -O2   conftest.c  >&5
/tmp/ccicCyi1.o: In function `main':
/var/www/virtual/rusimport.com/Fileinfo-1.0.4/conftest.c:43: undefined reference to `dl'
collect2: ld returned 1 exit status
configure:4110: $? = 1
configure: failed program was:
| /* confdefs.h */
| #define PACKAGE_NAME ""
| #define PACKAGE_TARNAME ""
| #define PACKAGE_VERSION ""
| #define PACKAGE_STRING ""
| #define PACKAGE_BUGREPORT ""
| #define PACKAGE_URL ""
| /* end confdefs.h.  */
| /* Define dl to an innocuous variant, in case <limits.h> declares dl.
|    For example, HP-UX 11i <limits.h> declares gettimeofday.  */
| #define dl innocuous_dl
| 
| /* System header to define __stub macros and hopefully few prototypes,
|     which can conflict with char dl (); below.
|     Prefer <limits.h> to <assert.h> if __STDC__ is defined, since
|     <limits.h> exists even on freestanding compilers.  */
| 
| #ifdef __STDC__
| # include <limits.h>
| #else
| # include <assert.h>
| #endif
| 
| #undef dl
| 
| /* Override any GCC internal prototype to avoid an error.
|    Use char because int might match the return type of a GCC
|    builtin and then its argument prototype would still apply.  */
| #ifdef __cplusplus
| extern "C"
| #endif
| char dl ();
| /* The GNU C library defines this for functions which it implements
|     to always fail with ENOSYS.  Some functions are actually named
|     something starting with __ and the normal name is an alias.  */
| #if defined __stub_dl || defined __stub___dl
| choke me
| #endif
| 
| int
| main ()
| {
| return dl ();
|   ;
|   return 0;
| }
configure:4110: result: no
configure:4114: checking for __dl
configure:4114: cc -o conftest -g -O2   conftest.c  >&5
/tmp/ccuTTys4.o: In function `main':
/var/www/virtual/rusimport.com/Fileinfo-1.0.4/conftest.c:43: undefined reference to `__dl'
collect2: ld returned 1 exit status
configure:4114: $? = 1
configure: failed program was:
| /* confdefs.h */
| #define PACKAGE_NAME ""
| #define PACKAGE_TARNAME ""
| #define PACKAGE_VERSION ""
| #define PACKAGE_STRING ""
| #define PACKAGE_BUGREPORT ""
| #define PACKAGE_URL ""
| /* end confdefs.h.  */
| /* Define __dl to an innocuous variant, in case <limits.h> declares __dl.
|    For example, HP-UX 11i <limits.h> declares gettimeofday.  */
| #define __dl innocuous___dl
| 
| /* System header to define __stub macros and hopefully few prototypes,
|     which can conflict with char __dl (); below.
|     Prefer <limits.h> to <assert.h> if __STDC__ is defined, since
|     <limits.h> exists even on freestanding compilers.  */
| 
| #ifdef __STDC__
| # include <limits.h>
| #else
| # include <assert.h>
| #endif
| 
| #undef __dl
| 
| /* Override any GCC internal prototype to avoid an error.
|    Use char because int might match the return type of a GCC
|    builtin and then its argument prototype would still apply.  */
| #ifdef __cplusplus
| extern "C"
| #endif
| char __dl ();
| /* The GNU C library defines this for functions which it implements
|     to always fail with ENOSYS.  Some functions are actually named
|     something starting with __ and the normal name is an alias.  */
| #if defined __stub___dl || defined __stub_____dl
| choke me
| #endif
| 
| int
| main ()
| {
| return __dl ();
|   ;
|   return 0;
| }
configure:4114: result: no
configure:4137: checking for dl in -ldlopen
configure:4162: cc -o conftest -g -O2   conftest.c -ldlopen   >&5
/usr/bin/ld: cannot find -ldlopen
collect2: ld returned 1 exit status
configure:4162: $? = 1
configure: failed program was:
| /* confdefs.h */
| #define PACKAGE_NAME ""
| #define PACKAGE_TARNAME ""
| #define PACKAGE_VERSION ""
| #define PACKAGE_STRING ""
| #define PACKAGE_BUGREPORT ""
| #define PACKAGE_URL ""
| /* end confdefs.h.  */
| 
| /* Override any GCC internal prototype to avoid an error.
|    Use char because int might match the return type of a GCC
|    builtin and then its argument prototype would still apply.  */
| #ifdef __cplusplus
| extern "C"
| #endif
| char dl ();
| int
| main ()
| {
| return dl ();
|   ;
|   return 0;
| }
configure:4171: result: no
configure:4177: checking for __dl in -ldlopen
configure:4202: cc -o conftest -g -O2   conftest.c -ldlopen   >&5
/usr/bin/ld: cannot find -ldlopen
collect2: ld returned 1 exit status
configure:4202: $? = 1
configure: failed program was:
| /* confdefs.h */
| #define PACKAGE_NAME ""
| #define PACKAGE_TARNAME ""
| #define PACKAGE_VERSION ""
| #define PACKAGE_STRING ""
| #define PACKAGE_BUGREPORT ""
| #define PACKAGE_URL ""
| /* end confdefs.h.  */
| 
| /* Override any GCC internal prototype to avoid an error.
|    Use char because int might match the return type of a GCC
|    builtin and then its argument prototype would still apply.  */
| #ifdef __cplusplus
| extern "C"
| #endif
| char __dl ();
| int
| main ()
| {
| return __dl ();
|   ;
|   return 0;
| }
configure:4211: result: no
configure:4278: checking for gzgets
configure:4278: cc -o conftest -g -O2   conftest.c  >&5
/tmp/ccMyEwzi.o: In function `main':
/var/www/virtual/rusimport.com/Fileinfo-1.0.4/conftest.c:43: undefined reference to `gzgets'
collect2: ld returned 1 exit status
configure:4278: $? = 1
configure: failed program was:
| /* confdefs.h */
| #define PACKAGE_NAME ""
| #define PACKAGE_TARNAME ""
| #define PACKAGE_VERSION ""
| #define PACKAGE_STRING ""
| #define PACKAGE_BUGREPORT ""
| #define PACKAGE_URL ""
| /* end confdefs.h.  */
| /* Define gzgets to an innocuous variant, in case <limits.h> declares gzgets.
|    For example, HP-UX 11i <limits.h> declares gettimeofday.  */
| #define gzgets innocuous_gzgets
| 
| /* System header to define __stub macros and hopefully few prototypes,
|     which can conflict with char gzgets (); below.
|     Prefer <limits.h> to <assert.h> if __STDC__ is defined, since
|     <limits.h> exists even on freestanding compilers.  */
| 
| #ifdef __STDC__
| # include <limits.h>
| #else
| # include <assert.h>
| #endif
| 
| #undef gzgets
| 
| /* Override any GCC internal prototype to avoid an error.
|    Use char because int might match the return type of a GCC
|    builtin and then its argument prototype would still apply.  */
| #ifdef __cplusplus
| extern "C"
| #endif
| char gzgets ();
| /* The GNU C library defines this for functions which it implements
|     to always fail with ENOSYS.  Some functions are actually named
|     something starting with __ and the normal name is an alias.  */
| #if defined __stub_gzgets || defined __stub___gzgets
| choke me
| #endif
| 
| int
| main ()
| {
| return gzgets ();
|   ;
|   return 0;
| }
configure:4278: result: no
configure:4282: checking for __gzgets
configure:4282: cc -o conftest -g -O2   conftest.c  >&5
/tmp/cckXJezn.o: In function `main':
/var/www/virtual/rusimport.com/Fileinfo-1.0.4/conftest.c:43: undefined reference to `__gzgets'
collect2: ld returned 1 exit status
configure:4282: $? = 1
configure: failed program was:
| /* confdefs.h */
| #define PACKAGE_NAME ""
| #define PACKAGE_TARNAME ""
| #define PACKAGE_VERSION ""
| #define PACKAGE_STRING ""
| #define PACKAGE_BUGREPORT ""
| #define PACKAGE_URL ""
| /* end confdefs.h.  */
| /* Define __gzgets to an innocuous variant, in case <limits.h> declares __gzgets.
|    For example, HP-UX 11i <limits.h> declares gettimeofday.  */
| #define __gzgets innocuous___gzgets
| 
| /* System header to define __stub macros and hopefully few prototypes,
|     which can conflict with char __gzgets (); below.
|     Prefer <limits.h> to <assert.h> if __STDC__ is defined, since
|     <limits.h> exists even on freestanding compilers.  */
| 
| #ifdef __STDC__
| # include <limits.h>
| #else
| # include <assert.h>
| #endif
| 
| #undef __gzgets
| 
| /* Override any GCC internal prototype to avoid an error.
|    Use char because int might match the return type of a GCC
|    builtin and then its argument prototype would still apply.  */
| #ifdef __cplusplus
| extern "C"
| #endif
| char __gzgets ();
| /* The GNU C library defines this for functions which it implements
|     to always fail with ENOSYS.  Some functions are actually named
|     something starting with __ and the normal name is an alias.  */
| #if defined __stub___gzgets || defined __stub_____gzgets
| choke me
| #endif
| 
| int
| main ()
| {
| return __gzgets ();
|   ;
|   return 0;
| }
configure:4282: result: no
configure:4305: checking for gzgets in -lz
configure:4330: cc -o conftest -g -O2   conftest.c -lz   >&5
configure:4330: $? = 0
configure:4339: result: yes
configure:4401: cc -o conftest -g -O2   conftest.c  -lz >&5
configure:4401: $? = 0
configure:4401: ./conftest
configure:4401: $? = 0
configure:4446: checking for round
configure:4446: cc -o conftest -g -O2   conftest.c -lz  >&5
conftest.c:34: warning: conflicting types for built-in function 'round'
/tmp/ccGlSavy.o: In function `main':
/var/www/virtual/rusimport.com/Fileinfo-1.0.4/conftest.c:45: undefined reference to `round'
collect2: ld returned 1 exit status
configure:4446: $? = 1
configure: failed program was:
| /* confdefs.h */
| #define PACKAGE_NAME ""
| #define PACKAGE_TARNAME ""
| #define PACKAGE_VERSION ""
| #define PACKAGE_STRING ""
| #define PACKAGE_BUGREPORT ""
| #define PACKAGE_URL ""
| #define HAVE_GZGETS 1
| #define HAVE_LIBZ 1
| /* end confdefs.h.  */
| /* Define round to an innocuous variant, in case <limits.h> declares round.
|    For example, HP-UX 11i <limits.h> declares gettimeofday.  */
| #define round innocuous_round
| 
| /* System header to define __stub macros and hopefully few prototypes,
|     which can conflict with char round (); below.
|     Prefer <limits.h> to <assert.h> if __STDC__ is defined, since
|     <limits.h> exists even on freestanding compilers.  */
| 
| #ifdef __STDC__
| # include <limits.h>
| #else
| # include <assert.h>
| #endif
| 
| #undef round
| 
| /* Override any GCC internal prototype to avoid an error.
|    Use char because int might match the return type of a GCC
|    builtin and then its argument prototype would still apply.  */
| #ifdef __cplusplus
| extern "C"
| #endif
| char round ();
| /* The GNU C library defines this for functions which it implements
|     to always fail with ENOSYS.  Some functions are actually named
|     something starting with __ and the normal name is an alias.  */
| #if defined __stub_round || defined __stub___round
| choke me
| #endif
| 
| int
| main ()
| {
| return round ();
|   ;
|   return 0;
| }
configure:4446: result: no
configure:4450: checking for __round
configure:4450: cc -o conftest -g -O2   conftest.c -lz  >&5
/tmp/ccpElejw.o: In function `main':
/var/www/virtual/rusimport.com/Fileinfo-1.0.4/conftest.c:45: undefined reference to `__round'
collect2: ld returned 1 exit status
configure:4450: $? = 1
configure: failed program was:
| /* confdefs.h */
| #define PACKAGE_NAME ""
| #define PACKAGE_TARNAME ""
| #define PACKAGE_VERSION ""
| #define PACKAGE_STRING ""
| #define PACKAGE_BUGREPORT ""
| #define PACKAGE_URL ""
| #define HAVE_GZGETS 1
| #define HAVE_LIBZ 1
| /* end confdefs.h.  */
| /* Define __round to an innocuous variant, in case <limits.h> declares __round.
|    For example, HP-UX 11i <limits.h> declares gettimeofday.  */
| #define __round innocuous___round
| 
| /* System header to define __stub macros and hopefully few prototypes,
|     which can conflict with char __round (); below.
|     Prefer <limits.h> to <assert.h> if __STDC__ is defined, since
|     <limits.h> exists even on freestanding compilers.  */
| 
| #ifdef __STDC__
| # include <limits.h>
| #else
| # include <assert.h>
| #endif
| 
| #undef __round
| 
| /* Override any GCC internal prototype to avoid an error.
|    Use char because int might match the return type of a GCC
|    builtin and then its argument prototype would still apply.  */
| #ifdef __cplusplus
| extern "C"
| #endif
| char __round ();
| /* The GNU C library defines this for functions which it implements
|     to always fail with ENOSYS.  Some functions are actually named
|     something starting with __ and the normal name is an alias.  */
| #if defined __stub___round || defined __stub_____round
| choke me
| #endif
| 
| int
| main ()
| {
| return __round ();
|   ;
|   return 0;
| }
configure:4450: result: no
configure:4473: checking for round in -lm
configure:4498: cc -o conftest -g -O2   conftest.c -lm  -lz  >&5
conftest.c:18: warning: conflicting types for built-in function 'round'
configure:4498: $? = 0
configure:4507: result: yes
configure:4569: cc -o conftest -g -O2   conftest.c -lz  -lm >&5
configure:4569: $? = 0
configure:4569: ./conftest
configure:4569: $? = 0
configure:4708: checking for magic_open in -lmagic
configure:4733: cc -o conftest -g -O2   conftest.c -lmagic  -lm -lz  >&5
configure:4733: $? = 0
configure:4743: result: yes
configure:5216: checking for a sed that does not truncate output
configure:5280: result: /bin/sed
configure:5298: checking for fgrep
configure:5360: result: /bin/grep -F
configure:5395: checking for ld used by cc
configure:5462: result: /usr/bin/ld
configure:5469: checking if the linker (/usr/bin/ld) is GNU ld
configure:5484: result: yes
configure:5496: checking for BSD- or MS-compatible name lister (nm)
configure:5545: result: /usr/bin/nm -B
configure:5663: checking the name lister (/usr/bin/nm -B) interface
configure:5670: cc -c -g -O2  conftest.c >&5
configure:5673: /usr/bin/nm -B "conftest.o"
configure:5676: output
0000000000000000 B some_variable
configure:5683: result: BSD nm
configure:5686: checking whether ln -s works
configure:5690: result: yes
configure:5698: checking the maximum length of command line arguments
configure:5818: result: 1572864
configure:5835: checking whether the shell understands some XSI constructs
configure:5845: result: yes
configure:5849: checking whether the shell understands "+="
configure:5855: result: yes
configure:5890: checking for /usr/bin/ld option to reload object files
configure:5897: result: -r
configure:5966: checking for objdump
configure:5982: found /usr/bin/objdump
configure:5993: result: objdump
configure:6025: checking how to recognize dependent libraries
configure:6221: result: pass_all
configure:6281: checking for ar
configure:6297: found /usr/bin/ar
configure:6308: result: ar
configure:6386: checking for strip
configure:6402: found /usr/bin/strip
configure:6413: result: strip
configure:6485: checking for ranlib
configure:6501: found /usr/bin/ranlib
configure:6512: result: ranlib
configure:6602: checking command to parse /usr/bin/nm -B output from cc object
configure:6720: cc -c -g -O2  conftest.c >&5
configure:6723: $? = 0
configure:6727: /usr/bin/nm -B conftest.o \| sed -n -e 's/^.*[	 ]\([ABCDGIRSTW][ABCDGIRSTW]*\)[	 ][	 ]*\([_A-Za-z][_A-Za-z0-9]*\)$/\1 \2 \2/p' \> conftest.nm
configure:6730: $? = 0
configure:6784: cc -o conftest -g -O2   conftest.c conftstm.o >&5
configure:6787: $? = 0
configure:6825: result: ok
configure:6920: cc -c -g -O2  conftest.c >&5
configure:6923: $? = 0
configure:7628: checking for ANSI C header files
configure:7648: cc -c -g -O2  conftest.c >&5
configure:7648: $? = 0
configure:7721: cc -o conftest -g -O2   conftest.c -lm -lz  >&5
configure:7721: $? = 0
configure:7721: ./conftest
configure:7721: $? = 0
configure:7732: result: yes
configure:7745: checking for sys/types.h
configure:7745: cc -c -g -O2  conftest.c >&5
configure:7745: $? = 0
configure:7745: result: yes
configure:7745: checking for sys/stat.h
configure:7745: cc -c -g -O2  conftest.c >&5
configure:7745: $? = 0
configure:7745: result: yes
configure:7745: checking for stdlib.h
configure:7745: cc -c -g -O2  conftest.c >&5
configure:7745: $? = 0
configure:7745: result: yes
configure:7745: checking for string.h
configure:7745: cc -c -g -O2  conftest.c >&5
configure:7745: $? = 0
configure:7745: result: yes
configure:7745: checking for memory.h
configure:7745: cc -c -g -O2  conftest.c >&5
configure:7745: $? = 0
configure:7745: result: yes
configure:7745: checking for strings.h
configure:7745: cc -c -g -O2  conftest.c >&5
configure:7745: $? = 0
configure:7745: result: yes
configure:7745: checking for inttypes.h
configure:7745: cc -c -g -O2  conftest.c >&5
configure:7745: $? = 0
configure:7745: result: yes
configure:7745: checking for stdint.h
configure:7745: cc -c -g -O2  conftest.c >&5
configure:7745: $? = 0
configure:7745: result: yes
configure:7745: checking for unistd.h
configure:7745: cc -c -g -O2  conftest.c >&5
configure:7745: $? = 0
configure:7745: result: yes
configure:7759: checking for dlfcn.h
configure:7759: cc -c -g -O2  conftest.c >&5
configure:7759: $? = 0
configure:7759: result: yes
configure:7943: checking for objdir
configure:7958: result: .libs
configure:8254: checking if cc supports -fno-rtti -fno-exceptions
configure:8272: cc -c -g -O2  -fno-rtti -fno-exceptions conftest.c >&5
cc1: warning: command line option "-fno-rtti" is valid for C++/ObjC++ but not for C
configure:8276: $? = 0
configure:8289: result: no
configure:8309: checking for cc option to produce PIC
configure:8581: result: -fPIC -DPIC
configure:8593: checking if cc PIC flag -fPIC -DPIC works
configure:8611: cc -c -g -O2  -fPIC -DPIC -DPIC conftest.c >&5
configure:8615: $? = 0
configure:8628: result: yes
configure:8652: checking if cc static flag -static works
configure:8680: result: yes
configure:8695: checking if cc supports -c -o file.o
configure:8716: cc -c -g -O2  -o out/conftest2.o conftest.c >&5
configure:8720: $? = 0
configure:8742: result: yes
configure:8750: checking if cc supports -c -o file.o
configure:8797: result: yes
configure:8830: checking whether the cc linker (/usr/bin/ld -m elf_x86_64) supports shared libraries
configure:9821: result: yes
configure:9858: checking whether -lc should be explicitly linked in
configure:9863: cc -c -g -O2  conftest.c >&5
configure:9866: $? = 0
configure:9881: cc -shared conftest.o  -v -Wl,-soname -Wl,conftest -o conftest 2\>\&1 \| /bin/grep  -lc  \>/dev/null 2\>\&1
configure:9884: $? = 0
configure:9896: result: no
configure:10060: checking dynamic linker characteristics
configure:10493: cc -o conftest -g -O2   -Wl,-rpath -Wl,/foo conftest.c -lm -lz  >&5
configure:10493: $? = 0
configure:10723: result: GNU/Linux ld.so
configure:10825: checking how to hardcode library paths into programs
configure:10850: result: immediate
configure:11370: checking whether stripping libraries is possible
configure:11375: result: yes
configure:11410: checking if libtool supports shared libraries
configure:11412: result: yes
configure:11415: checking whether to build shared libraries
configure:11436: result: yes
configure:11439: checking whether to build static libraries
configure:11443: result: no
configure:11706: creating ./config.status

## ---------------------- ##
## Running config.status. ##
## ---------------------- ##

This file was extended by config.status, which was
generated by GNU Autoconf 2.67.  Invocation command line was

  CONFIG_FILES    = 
  CONFIG_HEADERS  = 
  CONFIG_LINKS    = 
  CONFIG_COMMANDS = 
  $ ./config.status 

on fry.z-video.tv

config.status:886: creating config.h
config.status:990: executing libtool commands

## ---------------- ##
## Cache variables. ##
## ---------------- ##

ac_cv_build=x86_64-unknown-linux-gnu
ac_cv_c_compiler_gnu=yes
ac_cv_env_CC_set=
ac_cv_env_CC_value=
ac_cv_env_CFLAGS_set=
ac_cv_env_CFLAGS_value=
ac_cv_env_CPPFLAGS_set=
ac_cv_env_CPPFLAGS_value=
ac_cv_env_CPP_set=
ac_cv_env_CPP_value=
ac_cv_env_LDFLAGS_set=
ac_cv_env_LDFLAGS_value=
ac_cv_env_LIBS_set=
ac_cv_env_LIBS_value=
ac_cv_env_build_alias_set=
ac_cv_env_build_alias_value=
ac_cv_env_host_alias_set=
ac_cv_env_host_alias_value=
ac_cv_env_target_alias_set=
ac_cv_env_target_alias_value=
ac_cv_func___dl=no
ac_cv_func___gzgets=no
ac_cv_func___round=no
ac_cv_func_dl=no
ac_cv_func_gzgets=yes
ac_cv_func_round=yes
ac_cv_header_dlfcn_h=yes
ac_cv_header_inttypes_h=yes
ac_cv_header_memory_h=yes
ac_cv_header_stdc=yes
ac_cv_header_stdint_h=yes
ac_cv_header_stdlib_h=yes
ac_cv_header_string_h=yes
ac_cv_header_strings_h=yes
ac_cv_header_sys_stat_h=yes
ac_cv_header_sys_types_h=yes
ac_cv_header_unistd_h=yes
ac_cv_host=x86_64-unknown-linux-gnu
ac_cv_lib_dlopen___dl=no
ac_cv_lib_dlopen_dl=no
ac_cv_lib_m_round=yes
ac_cv_lib_magic___magic_open=yes
ac_cv_lib_z_gzgets=yes
ac_cv_objext=o
ac_cv_path_EGREP='/bin/grep -E'
ac_cv_path_FGREP='/bin/grep -F'
ac_cv_path_GREP=/bin/grep
ac_cv_path_SED=/bin/sed
ac_cv_prog_AWK=nawk
ac_cv_prog_CPP='cc -E'
ac_cv_prog_RE2C=re2c
ac_cv_prog_ac_ct_AR=ar
ac_cv_prog_ac_ct_CC=cc
ac_cv_prog_ac_ct_OBJDUMP=objdump
ac_cv_prog_ac_ct_RANLIB=ranlib
ac_cv_prog_ac_ct_STRIP=strip
ac_cv_prog_cc_c89=
ac_cv_prog_cc_cc_c_o=yes
ac_cv_prog_cc_g=yes
ac_cv_target=x86_64-unknown-linux-gnu
lt_cv_deplibs_check_method=pass_all
lt_cv_file_magic_cmd='$MAGIC_CMD'
lt_cv_file_magic_test_file=
lt_cv_ld_reload_flag=-r
lt_cv_nm_interface='BSD nm'
lt_cv_objdir=.libs
lt_cv_path_LD=/usr/bin/ld
lt_cv_path_NM='/usr/bin/nm -B'
lt_cv_prog_compiler_c_o=yes
lt_cv_prog_compiler_pic_works=yes
lt_cv_prog_compiler_rtti_exceptions=no
lt_cv_prog_compiler_static_works=yes
lt_cv_prog_gnu_ld=yes
lt_cv_sys_global_symbol_pipe='sed -n -e '\''s/^.*[	 ]\([ABCDGIRSTW][ABCDGIRSTW]*\)[	 ][	 ]*\([_A-Za-z][_A-Za-z0-9]*\)$/\1 \2 \2/p'\'''
lt_cv_sys_global_symbol_to_c_name_address='sed -n -e '\''s/^: \([^ ]*\) $/  {\"\1\", (void *) 0},/p'\'' -e '\''s/^[ABCDGIRSTW]* \([^ ]*\) \([^ ]*\)$/  {"\2", (void *) \&\2},/p'\'''
lt_cv_sys_global_symbol_to_c_name_address_lib_prefix='sed -n -e '\''s/^: \([^ ]*\) $/  {\"\1\", (void *) 0},/p'\'' -e '\''s/^[ABCDGIRSTW]* \([^ ]*\) \(lib[^ ]*\)$/  {"\2", (void *) \&\2},/p'\'' -e '\''s/^[ABCDGIRSTW]* \([^ ]*\) \([^ ]*\)$/  {"lib\2", (void *) \&\2},/p'\'''
lt_cv_sys_global_symbol_to_cdecl='sed -n -e '\''s/^T .* \(.*\)$/extern int \1();/p'\'' -e '\''s/^[ABCDGIRSTW]* .* \(.*\)$/extern char \1;/p'\'''
lt_cv_sys_max_cmd_len=1572864
php_cv_cc_dashr=no
php_cv_cc_rpath=yes
php_cv_re2c_version='0.13.5 (ok)'

## ----------------- ##
## Output variables. ##
## ----------------- ##

AR='ar'
AWK='nawk'
CC='cc'
CFLAGS='-g -O2'
CONFIGURE_COMMAND=' '\''./configure'\'' '
CONFIGURE_OPTIONS=''
CPP='cc -E'
CPPFLAGS=' -DHAVE_CONFIG_H'
DEFS='-DHAVE_CONFIG_H'
DSYMUTIL=''
DUMPBIN=''
ECHO_C=''
ECHO_N='-n'
ECHO_T=''
EGREP='/bin/grep -E'
EXEEXT=''
FGREP='/bin/grep -F'
GREP='/bin/grep'
LD='/usr/bin/ld -m elf_x86_64'
LDFLAGS=''
LIBOBJS=''
LIBS='-lm -lz '
LIBTOOL='$(SHELL) $(top_builddir)/libtool'
LIPO=''
LN_S='ln -s'
LTLIBOBJS=''
NM='/usr/bin/nm -B'
NMEDIT=''
OBJDUMP='objdump'
OBJEXT='o'
OTOOL64=''
OTOOL=''
PACKAGE_BUGREPORT=''
PACKAGE_NAME=''
PACKAGE_STRING=''
PACKAGE_TARNAME=''
PACKAGE_URL=''
PACKAGE_VERSION=''
PATH_SEPARATOR=':'
RANLIB='ranlib'
RE2C='re2c'
SED='/bin/sed'
SHELL='/bin/sh'
SHLIB_DL_SUFFIX_NAME='so'
SHLIB_SUFFIX_NAME='so'
STRIP='strip'
ac_ct_CC='cc'
ac_ct_DUMPBIN=''
bindir='${exec_prefix}/bin'
build='x86_64-unknown-linux-gnu'
build_alias=''
build_cpu='x86_64'
build_os='linux-gnu'
build_vendor='unknown'
datadir='${datarootdir}'
datarootdir='${prefix}/share'
docdir='${datarootdir}/doc/${PACKAGE}'
dvidir='${docdir}'
exec_prefix='$(prefix)'
host='x86_64-unknown-linux-gnu'
host_alias='x86_64-unknown-linux-gnu'
host_cpu='x86_64'
host_os='linux-gnu'
host_vendor='unknown'
htmldir='${docdir}'
includedir='${prefix}/include'
infodir='${datarootdir}/info'
libdir='${exec_prefix}/lib'
libexecdir='${exec_prefix}/libexec'
localedir='${datarootdir}/locale'
localstatedir='${prefix}/var'
lt_ECHO='echo'
mandir='${datarootdir}/man'
oldincludedir='/usr/include'
pdfdir='${docdir}'
prefix='/usr'
program_transform_name='s,x,x,'
psdir='${docdir}'
sbindir='${exec_prefix}/sbin'
sharedstatedir='${prefix}/com'
sysconfdir='${prefix}/etc'
target='x86_64-unknown-linux-gnu'
target_alias=''
target_cpu='x86_64'
target_os='linux-gnu'
target_vendor='unknown'

## ----------- ##
## confdefs.h. ##
## ----------- ##

/* confdefs.h */
#define PACKAGE_NAME ""
#define PACKAGE_TARNAME ""
#define PACKAGE_VERSION ""
#define PACKAGE_STRING ""
#define PACKAGE_BUGREPORT ""
#define PACKAGE_URL ""
#define HAVE_GZGETS 1
#define HAVE_LIBZ 1
#define HAVE_ROUND 1
#define HAVE_LIBM 1
#define HAVE_FILEINFOLIB 1
#define PHP_DEFAULT_MAGIC_FILE "/etc/magic"
#define COMPILE_DL_FILEINFO 1
#define STDC_HEADERS 1
#define HAVE_SYS_TYPES_H 1
#define HAVE_SYS_STAT_H 1
#define HAVE_STDLIB_H 1
#define HAVE_STRING_H 1
#define HAVE_MEMORY_H 1
#define HAVE_STRINGS_H 1
#define HAVE_INTTYPES_H 1
#define HAVE_STDINT_H 1
#define HAVE_UNISTD_H 1
#define HAVE_DLFCN_H 1
#define LT_OBJDIR ".libs/"

configure: exit 0
