-- 28.10.2013 14:40:43
INSERT INTO `da_system_parameter` (`id_group_system_parameter`, `note`, `id_parameter_type`, `id_system_parameter`, `name`, `value`) VALUES (1, 'Последняя дата проектных обновлений', 2, 'ygin-ext-main-lastChangeDate', 'last_change_project_date', '20130919');

-- 28.10.2013 15:30:23
INSERT INTO `da_object` (`order_type`, `object_type`, `sequence`, `use_domain_isolation`, `parent_object`, `name`, `table_name`, `folder_name`, `field_caption`, `id_field_caption`, `id_field_order`, `yii_model`, `id_object`) VALUES (1, 3, 0, 0, NULL, 'Поисковик', 'search', '/search', NULL, '', '', NULL, 'project-poiskovik');
INSERT INTO `da_auth_item` (`name`, `type`, `description`, `bizrule`, `data`) VALUES ('view_object_project-poiskovik', 0, 'Операция просмотра для объекта Поисковик', NULL, 'N;');
INSERT INTO `da_auth_item_child` (`parent`, `child`) VALUES ('dev', 'view_object_project-poiskovik');
INSERT INTO `da_auth_item` (`name`, `type`, `description`, `bizrule`, `data`) VALUES ('edit_object_project-poiskovik', 0, 'Операция изменения для объекта Поисковик', NULL, 'N;');
INSERT INTO `da_auth_item_child` (`parent`, `child`) VALUES ('dev', 'edit_object_project-poiskovik');
INSERT INTO `da_auth_item` (`name`, `type`, `description`, `bizrule`, `data`) VALUES ('delete_object_project-poiskovik', 0, 'Операция удаления для объекта Поисковик', NULL, 'N;');
INSERT INTO `da_auth_item_child` (`parent`, `child`) VALUES ('dev', 'delete_object_project-poiskovik');
INSERT INTO `da_auth_item` (`name`, `type`, `description`, `bizrule`, `data`) VALUES ('create_object_project-poiskovik', 0, 'Операция создания для объекта Поисковик', NULL, 'N;');
INSERT INTO `da_auth_item_child` (`parent`, `child`) VALUES ('dev', 'create_object_project-poiskovik');
INSERT INTO `da_auth_item` (`name`, `type`, `description`, `bizrule`, `data`) VALUES ('list_object_project-poiskovik', 0, 'Просмотр списка данных объекта Поисковик', NULL, 'N;');
INSERT INTO `da_auth_item_child` (`parent`, `child`) VALUES ('dev', 'list_object_project-poiskovik');
UPDATE da_object SET sequence = 50 WHERE id_object='project-poiskovik';

-- 28.10.2013 15:31:45
INSERT INTO `da_object_view` (`order_no`, `visible`, `count_data`, `id_object`, `name`, `icon_class`, `id_parent`, `sql_select`, `sql_from`, `sql_where`, `sql_order_by`, `id_object_view`) VALUES (0, 1, 50, 'project-poiskovik', 'index', NULL, NULL, NULL, NULL, NULL, NULL, 'project-poiskovik-view-index');
UPDATE da_object_view SET order_no = 2 WHERE id_object_view='project-poiskovik-view-index';

-- 29.10.2013 13:01:19
INSERT INTO `da_plugin` (`status`, `code`, `class_name`, `name`) VALUES (1, 'ygin.siteMap', 'ygin.modules.siteMap.SiteMapPlugin', 'Карта сайта');
INSERT INTO `da_plugin` (`status`, `code`, `class_name`, `name`) VALUES (1, 'ygin.cabinet', 'ygin.modules.user.CabinetPlugin', 'Личный кабинет');

-- 29.10.2013 13:01:50
INSERT INTO `da_auth_item` (`name`, `type`, `description`, `bizrule`, `data`) VALUES ('list_object_501', 0, 'Просмотр списка данных объекта Фотографии', NULL, 'N;');
INSERT INTO `da_auth_item_child` (`parent`, `child`) VALUES ('editor', 'list_object_501');
UPDATE `da_php_script_type` SET `id_php_script_type`='1045', `file_path`='photogallery.widgets.randomPhoto.RandomPhotoWidget', `description`='Случайное фото', `id_php_script_interface`=2, `active`=1 WHERE `da_php_script_type`.`id_php_script_type`='1045';
INSERT INTO `da_php_script` (`id_php_script_type`, `params_value`) VALUES ('1045', 'a:0:{}');
INSERT INTO `da_site_module` (`is_visible`, `id_php_script`, `name`) VALUES (1, 1028, 'Случайное фото');
INSERT INTO `da_menu` (`visible`, `sequence`, `go_to_type`, `removable`, `name`, `caption`, `alias`, `external_link`, `id_module_template`) VALUES (1, 1, 1, 0, 'Фотогалерея', 'Фотогалерея', 'photogallery', '/photogallery/', 3);
INSERT INTO `da_auth_item` (`name`, `type`, `description`, `bizrule`, `data`) VALUES ('list_object_500', 0, 'Просмотр списка данных объекта Галерея', NULL, 'N;');
INSERT INTO `da_auth_item_child` (`parent`, `child`) VALUES ('editor', 'list_object_500');
UPDATE `da_plugin` SET `id_plugin`=8, `name`='Фотогалерея', `code`='ygin.photogallery', `status`=2, `config`='a:1:{s:7:"modules";a:1:{s:17:"ygin.photogallery";a:0:{}}}', `class_name`='ygin.modules.photogallery.PhotogalleryPlugin', `data`='a:9:{s:17:"id_object_gallery";i:500;s:15:"id_object_photo";i:501;s:14:"handler_column";i:1001;s:10:"useGallery";b:1;s:23:"id_menu_module_template";s:1:"3";s:16:"id_system_module";i:1000;s:38:"id_php_script_type_widget_random_photo";i:1045;s:22:"id_widget_random_photo";s:3:"120";s:7:"id_menu";s:3:"115";}' WHERE `da_plugin`.`id_plugin`=8;

-- 29.10.2013 13:01:55
INSERT INTO `da_event_type` (`id_mail_account`, `interval_value`, `name`) VALUES (10, 90, 'Оформлена новая заявка');
INSERT INTO `da_menu` (`visible`, `sequence`, `go_to_type`, `removable`, `name`, `caption`, `alias`, `external_link`, `id_module_template`) VALUES (1, 1, 1, 0, 'Интернет-магазин', 'Интернет-магазин', 'catalog', '/catalog/', 5);
UPDATE `da_php_script_type` SET `id_php_script_type`='1038', `file_path`='shop.widgets.category.CategoryWidget', `description`='Интернет-магазин » Категории', `id_php_script_interface`=2, `active`=1 WHERE `da_php_script_type`.`id_php_script_type`='1038';
INSERT INTO `da_php_script` (`id_php_script_type`, `params_value`) VALUES ('1038', 'a:0:{}');
INSERT INTO `da_site_module` (`is_visible`, `id_php_script`, `name`) VALUES (1, 1029, 'Категории товаров');
INSERT INTO `da_site_module_rel` (`place`, `sequence`, `id_module`, `id_module_template`) VALUES (1, 3, 121, 5);
UPDATE `da_php_script_type` SET `id_php_script_type`='1010', `file_path`='shop.widgets.cart.CartWidget', `description`='Интернет-магазин » Корзина', `id_php_script_interface`=2, `active`=1 WHERE `da_php_script_type`.`id_php_script_type`='1010';
INSERT INTO `da_php_script` (`id_php_script_type`, `params_value`) VALUES ('1010', 'a:1:{s:12:"visibleCount";i:15;}');
INSERT INTO `da_site_module` (`is_visible`, `id_php_script`, `name`) VALUES (1, 1030, 'Корзина');
INSERT INTO `da_site_module_rel` (`place`, `sequence`, `id_module`, `id_module_template`) VALUES (1, 1, 122, 5);
UPDATE `da_php_script_type` SET `id_php_script_type`='1043', `file_path`='shop.widgets.brand.BrandWidget', `description`='Интернет-магазин » Брэнды', `id_php_script_interface`=2, `active`=1 WHERE `da_php_script_type`.`id_php_script_type`='1043';
INSERT INTO `da_php_script` (`id_php_script_type`, `params_value`) VALUES ('1043', 'a:0:{}');
INSERT INTO `da_site_module` (`is_visible`, `id_php_script`, `name`) VALUES (1, 1031, 'Интернет-магазин-->Брэнды');
INSERT INTO `da_site_module_rel` (`place`, `sequence`, `id_module`, `id_module_template`) VALUES (1, 2, 123, 5);
INSERT INTO `da_auth_item` (`name`, `type`, `description`, `bizrule`, `data`) VALUES ('list_object_511', 0, 'Просмотр списка данных объекта Продукция', NULL, 'N;');
INSERT INTO `da_auth_item_child` (`parent`, `child`) VALUES ('editor', 'list_object_511');
INSERT INTO `da_auth_item` (`name`, `type`, `description`, `bizrule`, `data`) VALUES ('list_object_509', 0, 'Просмотр списка данных объекта Категории продукции', NULL, 'N;');
INSERT INTO `da_auth_item_child` (`parent`, `child`) VALUES ('editor', 'list_object_509');
INSERT INTO `da_auth_item` (`name`, `type`, `description`, `bizrule`, `data`) VALUES ('list_object_519', 0, 'Просмотр списка данных объекта Заказы', NULL, 'N;');
INSERT INTO `da_auth_item_child` (`parent`, `child`) VALUES ('editor', 'list_object_519');
INSERT INTO `da_auth_item` (`name`, `type`, `description`, `bizrule`, `data`) VALUES ('list_object_525', 0, 'Просмотр списка данных объекта Брэнды продукции', NULL, 'N;');
INSERT INTO `da_auth_item_child` (`parent`, `child`) VALUES ('editor', 'list_object_525');
INSERT INTO `da_auth_item` (`name`, `type`, `description`, `bizrule`, `data`) VALUES ('list_object_529', 0, 'Просмотр списка данных объекта Статусы остатков продукции', NULL, 'N;');
INSERT INTO `da_auth_item_child` (`parent`, `child`) VALUES ('editor', 'list_object_529');
UPDATE `da_plugin` SET `id_plugin`=9, `name`='Интернет-магазин', `code`='ygin.shop', `status`=2, `config`='a:1:{s:7:"modules";a:1:{s:9:"ygin.shop";a:9:{s:8:"pageSize";i:10;s:19:"displayTypeElements";s:3:"all";s:15:"viewProductList";s:19:"_product_list_table";s:9:"showPrice";b:1;s:17:"subCategoryOnMain";b:1;s:19:"imageCategoryOnMain";b:1;s:16:"makeOfferByOrder";b:0;s:11:"showToolbar";b:0;s:19:"idEventTypeNewOffer";s:2:"51";}}}', `class_name`='ygin.modules.shop.ShopPlugin', `data`='a:16:{s:34:"id_php_script_type_module_category";i:1038;s:30:"id_php_script_type_module_cart";i:1010;s:50:"id_php_script_type_module_cart_param_visible_count";i:1028;s:31:"id_php_script_type_module_brand";i:1043;s:17:"id_sysytem_module";i:1004;s:17:"id_object_product";i:511;s:18:"id_object_category";i:509;s:15:"id_object_offer";i:519;s:15:"id_object_brand";i:525;s:19:"idEventTypeNewOffer";s:2:"51";s:23:"id_menu_module_template";s:1:"5";s:23:"id_site_module_category";s:3:"121";s:19:"id_site_module_cart";s:3:"122";s:20:"id_site_module_brand";s:3:"123";s:23:"id_object_remain_status";i:529;s:7:"id_menu";s:3:"116";}' WHERE `da_plugin`.`id_plugin`=9;

-- 29.10.2013 13:02:50
UPDATE `da_plugin` SET `id_plugin`=9, `name`='Интернет-магазин', `code`='ygin.shop', `status`=2, `config`='a:1:{s:7:"modules";a:1:{s:9:"ygin.shop";a:9:{s:8:"pageSize";s:2:"10";s:19:"displayTypeElements";s:3:"all";s:15:"viewProductList";s:19:"_product_list_table";s:9:"showPrice";b:1;s:17:"subCategoryOnMain";b:1;s:19:"imageCategoryOnMain";b:1;s:16:"makeOfferByOrder";b:1;s:11:"showToolbar";b:1;s:19:"idEventTypeNewOffer";s:2:"51";}}}', `class_name`='ygin.modules.shop.ShopPlugin', `data`='a:16:{s:34:"id_php_script_type_module_category";i:1038;s:30:"id_php_script_type_module_cart";i:1010;s:50:"id_php_script_type_module_cart_param_visible_count";i:1028;s:31:"id_php_script_type_module_brand";i:1043;s:17:"id_sysytem_module";i:1004;s:17:"id_object_product";i:511;s:18:"id_object_category";i:509;s:15:"id_object_offer";i:519;s:15:"id_object_brand";i:525;s:19:"idEventTypeNewOffer";s:2:"51";s:23:"id_menu_module_template";s:1:"5";s:23:"id_site_module_category";s:3:"121";s:19:"id_site_module_cart";s:3:"122";s:20:"id_site_module_brand";s:3:"123";s:23:"id_object_remain_status";i:529;s:7:"id_menu";s:3:"116";}' WHERE `da_plugin`.`id_plugin`=9;

-- 29.10.2013 13:07:46
INSERT INTO `pr_product_category` (`price_markup`, `visible`, `sequence`, `id_parent`, `name`, `image`) VALUES (10, 1, 0, NULL, 'Test', NULL);
INSERT INTO da_search_data(id_object, id_instance, id_lang, value) VALUES(509, '1', 1, 'Test');
UPDATE pr_product_category SET sequence = 1 WHERE id_product_category='1';

-- 29.10.2013 13:16:58
INSERT INTO `da_menu` (`visible`, `sequence`, `go_to_type`, `removable`, `name`, `caption`, `alias`, `external_link`, `id_module_template`) VALUES (0, 1, 1, 0, 'Авторизация', 'Авторизация', 'login', '/login/', 1);
INSERT INTO `da_menu` (`visible`, `sequence`, `go_to_type`, `removable`, `name`, `caption`, `alias`, `external_link`, `id_module_template`) VALUES (0, 1, 1, 0, 'Регистрация', 'Регистрация', 'register', '/register/', 1);
INSERT INTO `da_menu` (`visible`, `sequence`, `go_to_type`, `removable`, `name`, `caption`, `alias`, `external_link`, `id_module_template`) VALUES (0, 1, 1, 0, 'Восстановление пароля', 'Восстановление пароля', 'recover', '/recover/', 1);
INSERT INTO `da_menu` (`visible`, `sequence`, `go_to_type`, `removable`, `name`, `caption`, `alias`, `external_link`, `id_module_template`) VALUES (0, 1, 1, 0, 'Профиль', 'Профиль', 'profile', '/profile/', 1);
INSERT INTO `da_menu` (`visible`, `sequence`, `go_to_type`, `removable`, `name`, `caption`, `alias`, `external_link`, `id_module_template`) VALUES (0, 1, 1, 0, 'Пользователь', 'Пользователь', 'user', '/user/', 1);
INSERT INTO `da_event_type` (`id_mail_account`, `interval_value`, `name`) VALUES (10, 90, 'Восстановление пароля');
INSERT INTO `da_event_subscriber` (`id_event_type`, `archive_attach`, `format`) VALUES (52, 0, 1);
INSERT INTO `da_event_type` (`id_mail_account`, `interval_value`, `name`) VALUES (10, 90, 'Регистрация нового пользователя');
UPDATE `da_plugin` SET `id_plugin`=18, `name`='Личный кабинет', `code`='ygin.cabinet', `status`=2, `config`='a:1:{s:7:"modules";a:1:{s:9:"ygin.user";a:4:{s:18:"idEventTypeRecover";s:2:"52";s:24:"idEventSubscriberRecover";s:1:"1";s:19:"idEventTypeRegister";s:2:"53";s:14:"cabinetEnabled";b:1;}}}', `class_name`='ygin.modules.user.CabinetPlugin', `data`='a:12:{s:35:"id_php_script_type_widget_authorize";i:1032;s:16:"id_system_module";i:1007;s:11:"idMenuLogin";s:3:"117";s:14:"idMenuRegister";s:3:"118";s:13:"idMenuRecover";s:3:"119";s:13:"idMenuProfile";s:3:"120";s:10:"idMenuUser";s:3:"121";s:18:"idEventTypeRecover";s:2:"52";s:24:"idEventSubscriberRecover";s:1:"1";s:19:"idEventTypeRegister";s:2:"53";s:19:"id_widget_authorize";i:108;s:14:"cabinetEnabled";b:1;}' WHERE `da_plugin`.`id_plugin`=18;

-- 29.10.2013 13:18:04
UPDATE `da_users` SET `id_user`=106, `name`='admin', `user_password`='86feb50be88268261fcc80beb319ce2791d663c4', `mail`='p.bunaev@laf24.ru', `full_name`='admin', `rid`=NULL, `create_date`=1382956835, `count_post`=0, `active`=1, `requires_new_password`=0, `salt`='90ef7892dbddeed33f00b9ebc0f1e78a5358c7e1', `password_strategy`='sha1' WHERE `da_users`.`id_user`=106;
INSERT INTO `da_auth_assignment` (`itemname`, `userid`, `bizrule`, `data`) VALUES ('editor', '106', NULL, 'N;');

-- 29.10.2013 13:20:49
INSERT INTO `da_event_type` (`id_mail_account`, `interval_value`, `name`) VALUES (10, 90, 'Новый отзыв');
INSERT INTO `da_menu` (`visible`, `sequence`, `go_to_type`, `removable`, `name`, `caption`, `alias`, `external_link`, `id_module_template`) VALUES (1, 1, 1, 0, 'Отзывы', 'Отзывы', 'review', '/review/', 1);
INSERT INTO `da_auth_item` (`name`, `type`, `description`, `bizrule`, `data`) VALUES ('list_object_530', 0, 'Просмотр списка данных объекта Отзывы', NULL, 'N;');
INSERT INTO `da_auth_item_child` (`parent`, `child`) VALUES ('editor', 'list_object_530');
UPDATE `da_plugin` SET `id_plugin`=16, `name`='Отзывы', `code`='ygin.review', `status`=2, `config`='a:1:{s:7:"modules";a:1:{s:11:"ygin.review";a:3:{s:8:"pageSize";i:15;s:8:"moderate";b:1;s:11:"idEventType";s:2:"54";}}}', `class_name`='ygin.modules.review.ReviewPlugin', `data`='a:4:{s:9:"id_object";i:530;s:23:"id_menu_module_template";s:1:"1";s:13:"id_event_type";s:2:"54";s:7:"id_menu";s:3:"122";}' WHERE `da_plugin`.`id_plugin`=16;

-- 29.10.2013 13:22:26
UPDATE `da_menu` SET `visible`=1 WHERE `da_menu`.`id`=117;

-- 29.10.2013 13:22:28
UPDATE `da_menu` SET `visible`=1 WHERE `da_menu`.`id`=120;

-- 29.10.2013 13:22:29
UPDATE `da_menu` SET `visible`=1 WHERE `da_menu`.`id`=121;

-- 29.10.2013 13:23:10
UPDATE `da_plugin` SET `id_plugin`=6, `name`='Поиск по сайту', `code`='ygin.search', `status`=2, `config`='a:1:{s:7:"modules";a:1:{s:11:"ygin.search";a:0:{}}}', `class_name`='ygin.modules.search.SearchPlugin', `data`=NULL WHERE `da_plugin`.`id_plugin`=6;

-- 29.10.2013 13:23:48
UPDATE `da_menu` SET `visible`=1 WHERE `da_menu`.`id`=118;

-- 29.10.2013 13:35:52
INSERT INTO `da_auth_item` (`name`, `type`, `description`, `bizrule`, `data`) VALUES ('SearchAnalitik', '2', 'Поисковый Аналитик', NULL, 'N;');

-- 29.10.2013 14:44:15
INSERT INTO `da_site_module` (`is_visible`, `name`, `content`, `html`) VALUES (1, 'Личный Кабинет', '', '');
UPDATE `da_site_module` SET `html`='' WHERE `da_site_module`.`id_module`='124';

-- 29.10.2013 14:44:20
UPDATE `da_site_module` SET `is_visible`=0 WHERE `da_site_module`.`id_module`='124';

-- 29.10.2013 14:44:27
UPDATE `da_site_module` SET `is_visible`=1 WHERE `da_site_module`.`id_module`='124';

-- 29.10.2013 14:45:08
DELETE FROM da_search_data WHERE id_object=103 AND id_instance='124';
DELETE FROM `da_site_module` WHERE `da_site_module`.`id_module`='124';

-- 30.10.2013 09:34:13
UPDATE `da_menu` SET `id`=120, `name`='Кабинет', `caption`='Кабинет', `content`='', `visible`=1, `id_parent`=NULL, `sequence`=1, `note`=NULL, `alias`='cabinet', `title_teg`='Личный кабинет', `meta_description`=NULL, `meta_keywords`=NULL, `go_to_type`=1, `id_module_template`=1, `external_link`='/cabinet/', `external_link_type`=0, `removable`=0, `image`=NULL WHERE `da_menu`.`id`=120;
INSERT INTO da_search_data(id_object, id_instance, id_lang, value) VALUES('ygin-menu', '120', 1, 'Кабинет Кабинет Личный кабинет');

-- 30.10.2013 09:34:44
UPDATE `da_menu` SET `id`=120, `name`='Кабинет', `caption`='Кабинет', `content`='', `visible`=1, `id_parent`=NULL, `sequence`=1, `note`=NULL, `alias`='cabinet', `title_teg`=NULL, `meta_description`=NULL, `meta_keywords`=NULL, `go_to_type`=1, `id_module_template`=1, `external_link`='/cabinet/', `external_link_type`=0, `removable`=0, `image`=NULL WHERE `da_menu`.`id`=120;
UPDATE da_search_data SET value='Кабинет Кабинет' WHERE id_object='ygin-menu' AND id_instance='120' AND id_lang=1;

-- 30.10.2013 09:35:35
INSERT INTO `da_menu` (`visible`, `sequence`, `go_to_type`, `removable`, `name`, `id_module_template`, `id_parent`, `alias`, `caption`, `content`, `external_link`, `external_link_type`, `note`, `title_teg`, `meta_keywords`, `meta_description`) VALUES (1, 0, 1, 1, 'Профиль', 1, 120, 'profile', 'Профиль', '', NULL, 0, NULL, NULL, NULL, NULL);
UPDATE `da_menu` SET `content`='' WHERE `da_menu`.`id`=123;
INSERT INTO da_search_data(id_object, id_instance, id_lang, value) VALUES('ygin-menu', '123', 1, 'Профиль Профиль');
UPDATE da_menu SET sequence = 15 WHERE id='123';

-- 30.10.2013 09:36:10
UPDATE `da_menu` SET `id`=123, `name`='Профиль', `caption`='Профиль', `content`='', `visible`=1, `id_parent`=120, `sequence`=15, `note`=NULL, `alias`='profile', `title_teg`=NULL, `meta_description`=NULL, `meta_keywords`=NULL, `go_to_type`=1, `id_module_template`=1, `external_link`='/profile', `external_link_type`=0, `removable`=1, `image`=NULL WHERE `da_menu`.`id`=123;
UPDATE da_search_data SET value='Профиль Профиль' WHERE id_object='ygin-menu' AND id_instance='123' AND id_lang=1;

-- 30.10.2013 09:37:27
INSERT INTO `da_menu` (`visible`, `sequence`, `go_to_type`, `removable`, `name`, `id_module_template`, `id_parent`, `alias`, `caption`, `content`, `external_link`, `external_link_type`, `note`, `title_teg`, `meta_keywords`, `meta_description`) VALUES (1, 0, 1, 1, 'Взаиморсачёты', 1, 120, 'stat', 'Взаиморсачёты', '', '/stat', 0, NULL, NULL, NULL, NULL);
UPDATE `da_menu` SET `content`='' WHERE `da_menu`.`id`=124;
INSERT INTO da_search_data(id_object, id_instance, id_lang, value) VALUES('ygin-menu', '124', 1, 'Взаиморсачёты Взаиморсачёты');
UPDATE da_menu SET sequence = 16 WHERE id='124';

-- 30.10.2013 09:39:56
UPDATE `da_menu` SET `id`=124, `name`='Взаиморсачёты', `caption`='Взаиморсачёты', `content`='', `visible`=1, `id_parent`=120, `sequence`=16, `note`=NULL, `alias`='cabinet/stat', `title_teg`=NULL, `meta_description`=NULL, `meta_keywords`=NULL, `go_to_type`=1, `id_module_template`=1, `external_link`='/cabinet/stat', `external_link_type`=0, `removable`=1, `image`=NULL WHERE `da_menu`.`id`=124;
UPDATE da_search_data SET value='Взаиморсачёты Взаиморсачёты' WHERE id_object='ygin-menu' AND id_instance='124' AND id_lang=1;

-- 30.10.2013 09:40:11
UPDATE `da_menu` SET `id`=123, `name`='Профиль', `caption`='Профиль', `content`='', `visible`=1, `id_parent`=120, `sequence`=15, `note`=NULL, `alias`='/cabinet/profile', `title_teg`=NULL, `meta_description`=NULL, `meta_keywords`=NULL, `go_to_type`=1, `id_module_template`=1, `external_link`='/cabinet//profile', `external_link_type`=0, `removable`=1, `image`=NULL WHERE `da_menu`.`id`=123;
UPDATE da_search_data SET value='Профиль Профиль' WHERE id_object='ygin-menu' AND id_instance='123' AND id_lang=1;

-- 30.10.2013 09:40:58
INSERT INTO `da_menu` (`visible`, `sequence`, `go_to_type`, `removable`, `name`, `id_module_template`, `id_parent`, `alias`, `caption`, `content`, `external_link`, `external_link_type`, `note`, `title_teg`, `meta_keywords`, `meta_description`) VALUES (1, 0, 1, 1, 'Управление подпиской', 1, 120, '/cabinet/subscription', 'Управление подпиской', '', '/cabinet/subscription', 0, NULL, NULL, NULL, NULL);
UPDATE `da_menu` SET `content`='' WHERE `da_menu`.`id`=125;
INSERT INTO da_search_data(id_object, id_instance, id_lang, value) VALUES('ygin-menu', '125', 1, 'Управление подпиской Управление подпиской');
UPDATE da_menu SET sequence = 17 WHERE id='125';

-- 30.10.2013 09:41:35
INSERT INTO `da_menu` (`visible`, `sequence`, `go_to_type`, `removable`, `name`, `id_module_template`, `id_parent`, `alias`, `caption`, `content`, `external_link`, `external_link_type`, `note`, `title_teg`, `meta_keywords`, `meta_description`) VALUES (1, 0, 1, 1, 'История заказов', 1, 120, '/cabinet/orders', NULL, '', '/cabinet/orders', 0, NULL, NULL, NULL, NULL);
UPDATE `da_menu` SET `content`='' WHERE `da_menu`.`id`=126;
INSERT INTO da_search_data(id_object, id_instance, id_lang, value) VALUES('ygin-menu', '126', 1, 'История заказов');
UPDATE da_menu SET sequence = 18 WHERE id='126';

-- 30.10.2013 09:42:16
INSERT INTO `da_menu` (`visible`, `sequence`, `go_to_type`, `removable`, `name`, `id_module_template`, `id_parent`, `alias`, `caption`, `content`, `external_link`, `external_link_type`, `note`, `title_teg`, `meta_keywords`, `meta_description`) VALUES (1, 0, 1, 1, 'История возвратов', 1, 120, '/cabinet/retuns', 'История возвратов', '', '/cabinet/retuns', 0, NULL, NULL, NULL, NULL);
UPDATE `da_menu` SET `content`='' WHERE `da_menu`.`id`=127;
INSERT INTO da_search_data(id_object, id_instance, id_lang, value) VALUES('ygin-menu', '127', 1, 'История возвратов История возвратов');
UPDATE da_menu SET sequence = 19 WHERE id='127';

-- 30.10.2013 09:42:46
INSERT INTO `da_menu` (`visible`, `sequence`, `go_to_type`, `removable`, `name`, `id_module_template`, `id_parent`, `alias`, `caption`, `content`, `external_link`, `external_link_type`, `note`, `title_teg`, `meta_keywords`, `meta_description`) VALUES (1, 0, 1, 1, 'Карточка клиента', 1, 120, '/cabinet/balance', 'Карточка клиента', '', '/cabinet/balance', 0, NULL, NULL, NULL, NULL);
UPDATE `da_menu` SET `content`='' WHERE `da_menu`.`id`=128;
INSERT INTO da_search_data(id_object, id_instance, id_lang, value) VALUES('ygin-menu', '128', 1, 'Карточка клиента Карточка клиента');
UPDATE da_menu SET sequence = 20 WHERE id='128';

-- 30.10.2013 09:45:02
UPDATE `da_menu` SET `id`=123, `name`='Профиль', `caption`='Профиль', `content`='', `visible`=1, `id_parent`=120, `sequence`=15, `note`=NULL, `alias`='/cabinet/profile/', `title_teg`=NULL, `meta_description`=NULL, `meta_keywords`=NULL, `go_to_type`=1, `id_module_template`=1, `external_link`='/cabinet//profile/', `external_link_type`=0, `removable`=1, `image`=NULL WHERE `da_menu`.`id`=123;
UPDATE da_search_data SET value='Профиль Профиль' WHERE id_object='ygin-menu' AND id_instance='123' AND id_lang=1;

-- 30.10.2013 09:46:24
UPDATE `da_menu` SET `id`=123, `name`='Профиль', `caption`='Профиль', `content`='', `visible`=1, `id_parent`=120, `sequence`=15, `note`=NULL, `alias`='/cabinet/profile/', `title_teg`='Профиль', `meta_description`=NULL, `meta_keywords`=NULL, `go_to_type`=1, `id_module_template`=1, `external_link`='/cabinet//profile/', `external_link_type`=0, `removable`=1, `image`=NULL WHERE `da_menu`.`id`=123;
UPDATE da_search_data SET value='Профиль Профиль Профиль' WHERE id_object='ygin-menu' AND id_instance='123' AND id_lang=1;

-- 30.10.2013 09:46:56
UPDATE `da_menu` SET `id`=123, `name`='Профиль', `caption`='Профиль', `content`='', `visible`=1, `id_parent`=120, `sequence`=15, `note`=NULL, `alias`='cabinet/profile', `title_teg`='Профиль', `meta_description`=NULL, `meta_keywords`=NULL, `go_to_type`=1, `id_module_template`=1, `external_link`='/cabinet//profile/', `external_link_type`=0, `removable`=1, `image`=NULL WHERE `da_menu`.`id`=123;
UPDATE da_search_data SET value='Профиль Профиль Профиль' WHERE id_object='ygin-menu' AND id_instance='123' AND id_lang=1;

-- 30.10.2013 09:47:03
UPDATE `da_menu` SET `id`=123, `name`='Профиль', `caption`='Профиль', `content`='', `visible`=1, `id_parent`=120, `sequence`=15, `note`=NULL, `alias`='cabinet/profile', `title_teg`='Профиль', `meta_description`=NULL, `meta_keywords`=NULL, `go_to_type`=1, `id_module_template`=1, `external_link`='/cabinet/profile/', `external_link_type`=0, `removable`=1, `image`=NULL WHERE `da_menu`.`id`=123;
UPDATE da_search_data SET value='Профиль Профиль Профиль' WHERE id_object='ygin-menu' AND id_instance='123' AND id_lang=1;

-- 30.10.2013 09:47:49
UPDATE `da_menu` SET `id`=123, `name`='Профиль', `caption`='Профиль', `content`='', `visible`=1, `id_parent`=120, `sequence`=15, `note`=NULL, `alias`='/profile', `title_teg`='Профиль', `meta_description`=NULL, `meta_keywords`=NULL, `go_to_type`=1, `id_module_template`=1, `external_link`='/profile/', `external_link_type`=0, `removable`=1, `image`=NULL WHERE `da_menu`.`id`=123;
UPDATE da_search_data SET value='Профиль Профиль Профиль' WHERE id_object='ygin-menu' AND id_instance='123' AND id_lang=1;

-- 30.10.2013 09:49:32
UPDATE `da_menu` SET `id`=123, `name`='Профиль', `caption`='Профиль', `content`='', `visible`=1, `id_parent`=120, `sequence`=15, `note`=NULL, `alias`='/cabinet/profile', `title_teg`='Профиль', `meta_description`=NULL, `meta_keywords`=NULL, `go_to_type`=1, `id_module_template`=1, `external_link`='/profile/', `external_link_type`=0, `removable`=1, `image`=NULL WHERE `da_menu`.`id`=123;
UPDATE da_search_data SET value='Профиль Профиль Профиль' WHERE id_object='ygin-menu' AND id_instance='123' AND id_lang=1;

-- 30.10.2013 09:50:08
UPDATE `da_menu` SET `id`=123, `name`='Профиль', `caption`='Профиль', `content`='', `visible`=1, `id_parent`=120, `sequence`=15, `note`=NULL, `alias`='/cabinet/profile', `title_teg`='Профиль', `meta_description`=NULL, `meta_keywords`=NULL, `go_to_type`=1, `id_module_template`=1, `external_link`='/cabinet/profile/', `external_link_type`=0, `removable`=1, `image`=NULL WHERE `da_menu`.`id`=123;
UPDATE da_search_data SET value='Профиль Профиль Профиль' WHERE id_object='ygin-menu' AND id_instance='123' AND id_lang=1;

-- 30.10.2013 09:54:15
UPDATE `da_menu` SET `id`=120, `name`='Кабинет', `caption`='Кабинет', `content`='22', `visible`=1, `id_parent`=NULL, `sequence`=1, `note`=NULL, `alias`='/cabinet', `title_teg`=NULL, `meta_description`=NULL, `meta_keywords`=NULL, `go_to_type`=1, `id_module_template`=1, `external_link`='/cabinet/', `external_link_type`=0, `removable`=0, `image`=NULL WHERE `da_menu`.`id`=120;
UPDATE da_search_data SET value='Кабинет Кабинет 22' WHERE id_object='ygin-menu' AND id_instance='120' AND id_lang=1;

-- 30.10.2013 09:55:14
UPDATE `da_menu` SET `id`=120, `name`='Кабинет', `caption`='Личный кабинет', `content`='', `visible`=1, `id_parent`=NULL, `sequence`=1, `note`=NULL, `alias`='/cabinet', `title_teg`=NULL, `meta_description`=NULL, `meta_keywords`=NULL, `go_to_type`=1, `id_module_template`=1, `external_link`='/cabinet/', `external_link_type`=0, `removable`=0, `image`=NULL WHERE `da_menu`.`id`=120;
UPDATE da_search_data SET value='Кабинет Личный кабинет' WHERE id_object='ygin-menu' AND id_instance='120' AND id_lang=1;

-- 30.10.2013 09:55:19
UPDATE `da_menu` SET `visible`=0 WHERE `da_menu`.`id`=121;

-- 30.10.2013 09:55:24
UPDATE `da_menu` SET `visible`=0 WHERE `da_menu`.`id`=118;

-- 30.10.2013 10:33:05
UPDATE `da_menu` SET `id`=127, `name`='История возвратов', `caption`='История возвратов', `content`='', `visible`=1, `id_parent`=120, `sequence`=19, `note`=NULL, `alias`='/cabinet/retuns', `title_teg`=NULL, `meta_description`=NULL, `meta_keywords`=NULL, `go_to_type`=1, `id_module_template`=1, `external_link`=NULL, `external_link_type`=0, `removable`=1, `image`=NULL WHERE `da_menu`.`id`=127;
UPDATE da_search_data SET value='История возвратов История возвратов' WHERE id_object='ygin-menu' AND id_instance='127' AND id_lang=1;

-- 30.10.2013 10:33:55
UPDATE `da_menu` SET `id`=127, `name`='История возвратов', `caption`='История возвратов', `content`='', `visible`=1, `id_parent`=120, `sequence`=19, `note`=NULL, `alias`='/retuns', `title_teg`=NULL, `meta_description`=NULL, `meta_keywords`=NULL, `go_to_type`=1, `id_module_template`=1, `external_link`=NULL, `external_link_type`=0, `removable`=1, `image`=NULL WHERE `da_menu`.`id`=127;
UPDATE da_search_data SET value='История возвратов История возвратов' WHERE id_object='ygin-menu' AND id_instance='127' AND id_lang=1;

-- 30.10.2013 10:34:20
UPDATE `da_menu` SET `id`=127, `name`='История возвратов', `caption`='История возвратов', `content`='', `visible`=1, `id_parent`=120, `sequence`=19, `note`=NULL, `alias`='retuns', `title_teg`=NULL, `meta_description`=NULL, `meta_keywords`=NULL, `go_to_type`=1, `id_module_template`=1, `external_link`=NULL, `external_link_type`=0, `removable`=1, `image`=NULL WHERE `da_menu`.`id`=127;
UPDATE da_search_data SET value='История возвратов История возвратов' WHERE id_object='ygin-menu' AND id_instance='127' AND id_lang=1;

-- 30.10.2013 10:34:53
UPDATE `da_menu` SET `id`=127, `name`='История возвратов', `caption`='История возвратов', `content`='', `visible`=1, `id_parent`=120, `sequence`=19, `note`=NULL, `alias`='retuns', `title_teg`=NULL, `meta_description`=NULL, `meta_keywords`=NULL, `go_to_type`=1, `id_module_template`=1, `external_link`='/cabinet/retuns', `external_link_type`=0, `removable`=1, `image`=NULL WHERE `da_menu`.`id`=127;
UPDATE da_search_data SET value='История возвратов История возвратов' WHERE id_object='ygin-menu' AND id_instance='127' AND id_lang=1;

-- 30.10.2013 10:35:23
UPDATE `da_menu` SET `id`=123, `name`='Профиль', `caption`='Профиль', `content`='', `visible`=1, `id_parent`=120, `sequence`=15, `note`=NULL, `alias`='profile', `title_teg`='Профиль', `meta_description`=NULL, `meta_keywords`=NULL, `go_to_type`=1, `id_module_template`=1, `external_link`='/cabinet/profile/', `external_link_type`=0, `removable`=1, `image`=NULL WHERE `da_menu`.`id`=123;
UPDATE da_search_data SET value='Профиль Профиль Профиль' WHERE id_object='ygin-menu' AND id_instance='123' AND id_lang=1;

-- 30.10.2013 10:35:31
UPDATE `da_menu` SET `id`=124, `name`='Взаиморсачёты', `caption`='Взаиморсачёты', `content`='', `visible`=1, `id_parent`=120, `sequence`=16, `note`=NULL, `alias`='stat', `title_teg`=NULL, `meta_description`=NULL, `meta_keywords`=NULL, `go_to_type`=1, `id_module_template`=1, `external_link`='/cabinet/stat', `external_link_type`=0, `removable`=1, `image`=NULL WHERE `da_menu`.`id`=124;
UPDATE da_search_data SET value='Взаиморсачёты Взаиморсачёты' WHERE id_object='ygin-menu' AND id_instance='124' AND id_lang=1;

-- 30.10.2013 10:35:38
UPDATE `da_menu` SET `id`=125, `name`='Управление подпиской', `caption`='Управление подпиской', `content`='', `visible`=1, `id_parent`=120, `sequence`=17, `note`=NULL, `alias`='subscription', `title_teg`=NULL, `meta_description`=NULL, `meta_keywords`=NULL, `go_to_type`=1, `id_module_template`=1, `external_link`='/cabinet/subscription', `external_link_type`=0, `removable`=1, `image`=NULL WHERE `da_menu`.`id`=125;
UPDATE da_search_data SET value='Управление подпиской Управление подпиской' WHERE id_object='ygin-menu' AND id_instance='125' AND id_lang=1;

-- 30.10.2013 10:35:47
UPDATE `da_menu` SET `id`=126, `name`='История заказов', `caption`=NULL, `content`='', `visible`=1, `id_parent`=120, `sequence`=18, `note`=NULL, `alias`='orders', `title_teg`=NULL, `meta_description`=NULL, `meta_keywords`=NULL, `go_to_type`=1, `id_module_template`=1, `external_link`='/cabinet/orders', `external_link_type`=0, `removable`=1, `image`=NULL WHERE `da_menu`.`id`=126;
UPDATE da_search_data SET value='История заказов' WHERE id_object='ygin-menu' AND id_instance='126' AND id_lang=1;

-- 30.10.2013 10:35:55
UPDATE `da_menu` SET `id`=128, `name`='Карточка клиента', `caption`='Карточка клиента', `content`='', `visible`=1, `id_parent`=120, `sequence`=20, `note`=NULL, `alias`='balance', `title_teg`=NULL, `meta_description`=NULL, `meta_keywords`=NULL, `go_to_type`=1, `id_module_template`=1, `external_link`='/cabinet/balance', `external_link_type`=0, `removable`=1, `image`=NULL WHERE `da_menu`.`id`=128;
UPDATE da_search_data SET value='Карточка клиента Карточка клиента' WHERE id_object='ygin-menu' AND id_instance='128' AND id_lang=1;

-- 30.10.2013 16:50:52
UPDATE `da_menu` SET `id`=126, `name`='История заказов', `caption`='История заказов', `content`='', `visible`=1, `id_parent`=120, `sequence`=18, `note`=NULL, `alias`='orders', `title_teg`=NULL, `meta_description`=NULL, `meta_keywords`=NULL, `go_to_type`=1, `id_module_template`=1, `external_link`='/cabinet/orders', `external_link_type`=0, `removable`=1, `image`=NULL WHERE `da_menu`.`id`=126;
UPDATE da_search_data SET value='История заказов История заказов' WHERE id_object='ygin-menu' AND id_instance='126' AND id_lang=1;

-- 05.11.2013 14:32:14
UPDATE `da_menu` SET `visible`=0 WHERE `da_menu`.`id`=123;

-- 05.11.2013 14:32:15
UPDATE `da_menu` SET `visible`=0 WHERE `da_menu`.`id`=124;

-- 05.11.2013 14:32:16
UPDATE `da_menu` SET `visible`=0 WHERE `da_menu`.`id`=125;

-- 05.11.2013 14:32:16
UPDATE `da_menu` SET `visible`=0 WHERE `da_menu`.`id`=126;

-- 05.11.2013 14:32:17
UPDATE `da_menu` SET `visible`=0 WHERE `da_menu`.`id`=127;

-- 05.11.2013 14:32:18
UPDATE `da_menu` SET `visible`=0 WHERE `da_menu`.`id`=128;

-- 19.11.2013 14:54:33
INSERT INTO `da_users` (`create_date`, `count_post`, `active`, `requires_new_password`, `full_name`, `name`, `user_password`, `mail`, `rid`, `salt`, `password_strategy`) VALUES (1384858473, 0, 1, 0, 'Павел Бунаев', 'pavbun', '6be342c8a835d5e2596c7c7dabfac4e1602e02e3', 'p.bunaev@laf24.ru', NULL, '3beb14c87dfc5dd81bb595dfe97ae78c2dc9e17d', 'sha1');
INSERT INTO `da_auth_assignment` (`itemname`, `userid`, `bizrule`, `data`) VALUES ('dev', '107', NULL, 'N;');
INSERT INTO `da_auth_assignment` (`itemname`, `userid`, `bizrule`, `data`) VALUES ('editor', '107', NULL, 'N;');

-- 19.11.2013 14:57:54
UPDATE `da_users` SET `id_user`=106, `name`='kuteikin', `user_password`='0be9f6b6e78c6a36aabc1071ef98c44d0f4f8e46', `mail`='a.skachkov@laf24.ru', `full_name`='Скачков Аелксандр', `rid`=NULL, `create_date`=1384776641, `count_post`=0, `active`=1, `requires_new_password`=0, `salt`='2cceca2bf41c377614399657157e9267e5363373', `password_strategy`='sha1' WHERE `da_users`.`id_user`=106;

-- 19.11.2013 15:36:12
INSERT INTO `da_menu` (`visible`, `sequence`, `go_to_type`, `removable`, `name`, `id_module_template`, `id_parent`, `alias`, `caption`, `content`, `external_link`, `external_link_type`, `note`, `title_teg`, `meta_keywords`, `meta_description`) VALUES (1, 0, 1, 1, 'Тест', 1, NULL, 'test', NULL, '', NULL, 0, NULL, NULL, NULL, NULL);

-- 19.11.2013 15:37:09
DELETE FROM da_search_data WHERE id_object='ygin-menu' AND id_instance='135';
DELETE FROM `da_menu` WHERE `da_menu`.`id`=135;

-- 20.11.2013 11:01:28
INSERT INTO `da_users` (`create_date`, `count_post`, `active`, `requires_new_password`, `full_name`, `name`, `user_password`, `mail`, `rid`, `salt`, `password_strategy`) VALUES (1384930888, 0, 1, 0, 'Александр Скачков', 'kuteikin', 'f58de4eb83c0f12e278ea173b09db5dd0cb000e3', 'a.skachkov@laf24.ru', NULL, 'c7e15429a8f478aaf3bba3e296b16535724cbf43', 'sha1');
INSERT INTO `da_auth_assignment` (`itemname`, `userid`, `bizrule`, `data`) VALUES ('dev', '108', NULL, 'N;');
INSERT INTO `da_auth_assignment` (`itemname`, `userid`, `bizrule`, `data`) VALUES ('editor', '108', NULL, 'N;');
INSERT INTO `da_auth_assignment` (`itemname`, `userid`, `bizrule`, `data`) VALUES ('SearchAnalitik', '108', NULL, 'N;');

-- 20.11.2013 16:33:32
DELETE FROM `da_auth_item` WHERE name='create_object_project-sklady';
DELETE FROM `da_auth_item` WHERE name='delete_object_project-sklady';
DELETE FROM `da_auth_item` WHERE name='edit_object_project-sklady';
DELETE FROM `da_auth_item` WHERE name='list_object_project-sklady';
DELETE FROM `da_auth_item` WHERE name='view_object_project-sklady';
DELETE FROM da_search_data WHERE id_object=20 AND id_instance='project-sklady';
DELETE FROM `da_object` WHERE `da_object`.`id_object`='project-sklady';

-- 20.11.2013 16:34:00
INSERT INTO `da_object` (`order_type`, `object_type`, `sequence`, `use_domain_isolation`, `parent_object`, `name`, `table_name`, `folder_name`, `field_caption`, `id_field_caption`, `id_field_order`, `yii_model`, `id_object`) VALUES (1, 5, 0, 0, '4', 'sklad', '/product', NULL, NULL, '', '', NULL, 'project-sklad');
UPDATE da_object SET sequence = 51 WHERE id_object='project-sklad';

-- 20.11.2013 16:34:47
INSERT INTO `da_object_view` (`order_no`, `visible`, `count_data`, `id_object`, `name`, `icon_class`, `id_parent`, `sql_select`, `sql_from`, `sql_where`, `sql_order_by`, `id_object_view`) VALUES (0, 1, 50, 'project-sklad', 'Удаленный склад', NULL, NULL, NULL, NULL, NULL, NULL, 'project-sklad-view-udalennyi-sklad');
UPDATE da_object_view SET order_no = 2 WHERE id_object_view='project-sklad-view-udalennyi-sklad';

-- 20.11.2013 16:34:56
DELETE FROM da_search_data WHERE id_object=63 AND id_instance='project-sklad-view-udalennyi-sklad';
DELETE FROM `da_object_view` WHERE `da_object_view`.`id_object_view`='project-sklad-view-udalennyi-sklad';

-- 21.11.2013 10:59:18
UPDATE `da_plugin` SET `id_plugin`=6, `name`='Поиск по сайту', `code`='ygin.search', `status`=3, `config`='a:1:{s:7:"modules";a:1:{s:11:"ygin.search";a:0:{}}}', `class_name`='ygin.modules.search.SearchPlugin', `data`=NULL WHERE `da_plugin`.`id_plugin`=6;

-- 21.11.2013 10:59:27
UPDATE `da_plugin` SET `id_plugin`=6, `name`='Поиск по сайту', `code`='ygin.search', `status`=2, `config`='a:1:{s:7:"modules";a:1:{s:11:"ygin.search";a:0:{}}}', `class_name`='ygin.modules.search.SearchPlugin', `data`=NULL WHERE `da_plugin`.`id_plugin`=6;

-- 26.11.2013 12:06:36
DELETE FROM `da_auth_item` WHERE name='list_object_261';
DELETE FROM `da_auth_item` WHERE name='list_object_260';
DELETE FROM `da_job` WHERE id_job = "job-aggregate-views-statistic";
UPDATE `da_plugin` SET `id_plugin`=12, `name`='Баннеры', `code`='ygin.banners', `status`=3, `config`='a:1:{s:7:"modules";a:1:{s:12:"ygin.banners";a:0:{}}}', `class_name`='ygin.modules.banners.BannerPlugin', `data`='a:3:{s:17:"id_sysytem_module";i:300;s:22:"id_object_banner_place";i:261;s:16:"id_object_banner";i:260;}' WHERE `da_plugin`.`id_plugin`=12;

-- 26.11.2013 12:06:40
INSERT INTO `da_auth_item` (`name`, `type`, `description`, `bizrule`, `data`) VALUES ('list_object_261', 0, 'Просмотр списка данных объекта Баннерные места', NULL, 'N;');
INSERT INTO `da_auth_item_child` (`parent`, `child`) VALUES ('editor', 'list_object_261');
INSERT INTO `da_auth_item` (`name`, `type`, `description`, `bizrule`, `data`) VALUES ('list_object_260', 0, 'Просмотр списка данных объекта Баннеры', NULL, 'N;');
INSERT INTO `da_auth_item_child` (`parent`, `child`) VALUES ('editor', 'list_object_260');
INSERT INTO `da_job` (`id_job`, `interval_value`, `error_repeat_interval`, `name`, `class_name`, `active`, `max_second_process`) VALUES ('job-aggregate-views-statistic', 3600, 1800, 'Агрегация просмотров баннеров', 'ygin.modules.banners.components.AggregateViewsStatistic', 1, 300);
UPDATE `da_plugin` SET `id_plugin`=12, `name`='Баннеры', `code`='ygin.banners', `status`=2, `config`='a:1:{s:7:"modules";a:1:{s:12:"ygin.banners";a:0:{}}}', `class_name`='ygin.modules.banners.BannerPlugin', `data`='a:3:{s:17:"id_sysytem_module";i:300;s:22:"id_object_banner_place";i:261;s:16:"id_object_banner";i:260;}' WHERE `da_plugin`.`id_plugin`=12;

-- 27.11.2013 09:40:14
INSERT INTO `da_menu` (`visible`, `sequence`, `go_to_type`, `removable`, `name`, `id_module_template`, `id_parent`, `alias`, `caption`, `content`, `external_link`, `external_link_type`, `note`, `title_teg`, `meta_keywords`, `meta_description`) VALUES (1, 0, 1, 1, 'Каталог', 1, NULL, 'katalog', 'Каталог', '', 'catalog/main/', 0, NULL, NULL, NULL, NULL);
UPDATE `da_menu` SET `content`='' WHERE `da_menu`.`id`=140;
INSERT INTO da_search_data(id_object, id_instance, id_lang, value) VALUES('ygin-menu', '140', 1, 'Каталог Каталог');
UPDATE da_menu SET sequence = 26 WHERE id='140';

-- 27.11.2013 09:40:28
UPDATE `da_menu` SET `id`=140, `name`='Каталог', `caption`='Каталог', `content`='', `visible`=1, `id_parent`=NULL, `sequence`=26, `note`=NULL, `alias`='katalog', `title_teg`=NULL, `meta_description`=NULL, `meta_keywords`=NULL, `go_to_type`=1, `id_module_template`=1, `external_link`='/catalog/main/', `external_link_type`=0, `removable`=1, `image`=NULL WHERE `da_menu`.`id`=140;
UPDATE da_search_data SET value='Каталог Каталог' WHERE id_object='ygin-menu' AND id_instance='140' AND id_lang=1;

-- 27.11.2013 09:42:04
UPDATE `da_menu` SET `visible`=1 WHERE `da_menu`.`id`=102;

-- 27.11.2013 09:42:25
UPDATE `da_menu` SET `id`=102, `name`='Поиск по сайту', `caption`='Поиск по сайту', `content`='', `visible`=1, `id_parent`=NULL, `sequence`=13, `note`=NULL, `alias`='search', `title_teg`=NULL, `meta_description`=NULL, `meta_keywords`=NULL, `go_to_type`=1, `id_module_template`=1, `external_link`='/search', `external_link_type`=0, `removable`=0, `image`=NULL WHERE `da_menu`.`id`=102;
INSERT INTO da_search_data(id_object, id_instance, id_lang, value) VALUES('ygin-menu', '102', 1, 'Поиск по сайту Поиск по сайту');

-- 27.11.2013 16:12:06
INSERT INTO `da_object` (`order_type`, `object_type`, `sequence`, `use_domain_isolation`, `parent_object`, `name`, `table_name`, `folder_name`, `field_caption`, `id_field_caption`, `id_field_order`, `yii_model`, `id_object`) VALUES (1, 5, 0, 0, '4', 'Удаленные склады', 'sklads/', NULL, NULL, '', '', NULL, 'project-udalennye-sklady');
UPDATE da_object SET sequence = 53 WHERE id_object='project-udalennye-sklady';

-- 27.11.2013 16:12:59
UPDATE `da_object` SET `id_object`='project-udalennye-sklady', `name`='Удаленные склады', `id_field_order`='', `order_type`=1, `table_name`='sklads/', `id_field_caption`='', `object_type`=3, `folder_name`=NULL, `parent_object`='4', `sequence`=53, `use_domain_isolation`=0, `field_caption`=NULL, `yii_model`=NULL WHERE `da_object`.`id_object`='project-udalennye-sklady';

-- 27.11.2013 16:13:23
DELETE FROM da_search_data WHERE id_object=20 AND id_instance='project-udalennye-sklady';
DELETE FROM `da_object` WHERE `da_object`.`id_object`='project-udalennye-sklady';

-- 27.11.2013 16:13:56
INSERT INTO `da_object` (`order_type`, `object_type`, `sequence`, `use_domain_isolation`, `parent_object`, `name`, `table_name`, `folder_name`, `field_caption`, `id_field_caption`, `id_field_order`, `yii_model`, `id_object`) VALUES (1, 1, 0, 0, NULL, 'Подгружаемые прайсы', NULL, NULL, NULL, '', '', NULL, 'project-podgrughaemye-praisy');
UPDATE da_object SET sequence = 53 WHERE id_object='project-podgrughaemye-praisy';

-- 27.11.2013 16:14:20
INSERT INTO `da_object` (`order_type`, `object_type`, `sequence`, `use_domain_isolation`, `parent_object`, `name`, `table_name`, `folder_name`, `field_caption`, `id_field_caption`, `id_field_order`, `yii_model`, `id_object`) VALUES (1, 3, 0, 0, 'project-podgrughaemye-praisy', 'Склады', 'sklads/', NULL, NULL, '', '', NULL, 'project-sklady');
UPDATE da_object SET sequence = 54 WHERE id_object='project-sklady';

-- 27.11.2013 16:14:44
UPDATE `da_object` SET `id_object`='project-sklady', `name`='Склады', `id_field_order`='', `order_type`=1, `table_name`='sklads/', `id_field_caption`='', `object_type`=3, `folder_name`=NULL, `parent_object`='project-podgrughaemye-praisy', `sequence`=54, `use_domain_isolation`=0, `field_caption`=NULL, `yii_model`=NULL WHERE `da_object`.`id_object`='project-sklady';
INSERT INTO `da_auth_item` (`name`, `type`, `description`, `bizrule`, `data`) VALUES ('view_object_project-sklady', 0, 'Операция просмотра для объекта Склады', NULL, 'N;');
INSERT INTO `da_auth_item_child` (`parent`, `child`) VALUES ('dev', 'view_object_project-sklady');
INSERT INTO `da_auth_item` (`name`, `type`, `description`, `bizrule`, `data`) VALUES ('edit_object_project-sklady', 0, 'Операция изменения для объекта Склады', NULL, 'N;');
INSERT INTO `da_auth_item_child` (`parent`, `child`) VALUES ('dev', 'edit_object_project-sklady');
INSERT INTO `da_auth_item` (`name`, `type`, `description`, `bizrule`, `data`) VALUES ('delete_object_project-sklady', 0, 'Операция удаления для объекта Склады', NULL, 'N;');
INSERT INTO `da_auth_item_child` (`parent`, `child`) VALUES ('dev', 'delete_object_project-sklady');
INSERT INTO `da_auth_item` (`name`, `type`, `description`, `bizrule`, `data`) VALUES ('create_object_project-sklady', 0, 'Операция создания для объекта Склады', NULL, 'N;');
INSERT INTO `da_auth_item_child` (`parent`, `child`) VALUES ('dev', 'create_object_project-sklady');
INSERT INTO `da_auth_item_child` (`parent`, `child`) VALUES ('SearchAnalitik', 'view_object_project-sklady');
INSERT INTO `da_auth_item_child` (`parent`, `child`) VALUES ('SearchAnalitik', 'edit_object_project-sklady');
INSERT INTO `da_auth_item_child` (`parent`, `child`) VALUES ('SearchAnalitik', 'delete_object_project-sklady');
INSERT INTO `da_auth_item_child` (`parent`, `child`) VALUES ('SearchAnalitik', 'create_object_project-sklady');
INSERT INTO `da_auth_item` (`name`, `type`, `description`, `bizrule`, `data`) VALUES ('list_object_project-sklady', 0, 'Просмотр списка данных объекта Склады', NULL, 'N;');
INSERT INTO `da_auth_item_child` (`parent`, `child`) VALUES ('dev', 'list_object_project-sklady');
INSERT INTO `da_auth_item_child` (`parent`, `child`) VALUES ('SearchAnalitik', 'list_object_project-sklady');

-- 27.11.2013 16:15:21
UPDATE `da_object` SET `id_object`='project-sklady', `name`='Склады', `id_field_order`='', `order_type`=1, `table_name`='sklads/', `id_field_caption`='', `object_type`=5, `folder_name`=NULL, `parent_object`='project-podgrughaemye-praisy', `sequence`=54, `use_domain_isolation`=0, `field_caption`=NULL, `yii_model`=NULL WHERE `da_object`.`id_object`='project-sklady';

-- 27.11.2013 16:15:57
UPDATE `da_object` SET `id_object`='project-sklady', `name`='Склады', `id_field_order`='', `order_type`=1, `table_name`='/sklads/', `id_field_caption`='', `object_type`=5, `folder_name`=NULL, `parent_object`='project-podgrughaemye-praisy', `sequence`=54, `use_domain_isolation`=0, `field_caption`=NULL, `yii_model`=NULL WHERE `da_object`.`id_object`='project-sklady';

-- 27.11.2013 16:16:12
UPDATE `da_object` SET `id_object`='project-sklady', `name`='Склады', `id_field_order`='', `order_type`=1, `table_name`='/admin/sklads/', `id_field_caption`='', `object_type`=5, `folder_name`=NULL, `parent_object`='project-podgrughaemye-praisy', `sequence`=54, `use_domain_isolation`=0, `field_caption`=NULL, `yii_model`=NULL WHERE `da_object`.`id_object`='project-sklady';

-- 28.11.2013 09:48:36
UPDATE `da_object` SET `id_object`='project-sklady', `name`='Склады', `id_field_order`='', `order_type`=1, `table_name`='/admin/sklads/', `id_field_caption`='', `object_type`=3, `folder_name`=NULL, `parent_object`='project-podgrughaemye-praisy', `sequence`=54, `use_domain_isolation`=0, `field_caption`=NULL, `yii_model`=NULL WHERE `da_object`.`id_object`='project-sklady';

-- 28.11.2013 09:48:59
UPDATE `da_object` SET `id_object`='project-sklady', `name`='Склады', `id_field_order`='', `order_type`=1, `table_name`='/admin/sklads/', `id_field_caption`='', `object_type`=5, `folder_name`=NULL, `parent_object`='project-podgrughaemye-praisy', `sequence`=54, `use_domain_isolation`=0, `field_caption`=NULL, `yii_model`=NULL WHERE `da_object`.`id_object`='project-sklady';

